<?xml version="1.0" encoding="UTF-8"?>
<robot generator="Robot 7.1 (Python 3.12.4 on win32)" generated="2024-10-11T12:03:24.972673" rpa="false" schemaversion="5">
<suite id="s1" name="BasicTests" source="C:\Users\sanna\GITtihommat\RobotFwTest\Restful-booker\tests\BasicTests.robot">
<test id="s1-t1" name="TC_GET_req" line="14">
<kw name="Create Session" owner="RequestsLibrary">
<msg time="2024-10-11T12:03:25.054083" level="INFO">Creating Session using : alias=get_bookings, url=https://restful-booker.herokuapp.com/, headers={},                     cookies={}, auth=None, timeout=None, proxies=None, verify=False,                     debug=0 </msg>
<arg>get_bookings</arg>
<arg>${base_url}</arg>
<doc>Create Session: create a HTTP session to a server</doc>
<status status="PASS" start="2024-10-11T12:03:25.053074" elapsed="0.001069"/>
</kw>
<kw name="GET On Session" owner="RequestsLibrary">
<msg time="2024-10-11T12:03:25.614767" level="INFO">GET Request : url=https://restful-booker.herokuapp.com/booking 
 path_url=/booking 
 headers={'User-Agent': 'python-requests/2.31.0', 'Accept-Encoding': 'gzip, deflate', 'Accept': '*/*', 'Connection': 'keep-alive'} 
 body=None 
 </msg>
<msg time="2024-10-11T12:03:25.614767" level="INFO">GET Response : url=https://restful-booker.herokuapp.com/booking 
 status=200, reason=OK 
 headers={'Server': 'Cowboy', 'Report-To': '{"group":"heroku-nel","max_age":3600,"endpoints":[{"url":"https://nel.heroku.com/reports?ts=1728637406&amp;sid=c46efe9b-d3d2-4a0c-8c76-bfafa16c5add&amp;s=deccdZTAqlbnkMaktINBzp4HDYwSd6Pke8NoPHq%2B7Fc%3D"}]}', 'Reporting-Endpoints': 'heroku-nel=https://nel.heroku.com/reports?ts=1728637406&amp;sid=c46efe9b-d3d2-4a0c-8c76-bfafa16c5add&amp;s=deccdZTAqlbnkMaktINBzp4HDYwSd6Pke8NoPHq%2B7Fc%3D', 'Nel': '{"report_to":"heroku-nel","max_age":3600,"success_fraction":0.005,"failure_fraction":0.05,"response_headers":["Via"]}', 'Connection': 'keep-alive', 'X-Powered-By': 'Express', 'Content-Type': 'application/json; charset=utf-8', 'Content-Length': '13554', 'Etag': 'W/"34f2-DITEZoLx9OqvOJgjR3r2v763P8M"', 'Date': 'Fri, 11 Oct 2024 09:03:26 GMT', 'Via': '1.1 vegur'} 
 body=[{"bookingid":75},{"bookingid":664},{"bookingid":716},{"bookingid":450},{"bookingid":1042},{"bookingid":84},{"bookingid":1034},{"bookingid":426},{"bookingid":706},{"bookingid":440},{"bookingid":504},{"bookingid":301},{"bookingid":777},{"bookingid":463},{"bookingid":597},{"bookingid":138},{"bookingid":803},{"bookingid":467},{"bookingid":112},{"bookingid":423},{"bookingid":230},{"bookingid":691},{"bookingid":1075},{"bookingid":613},{"bookingid":1095},{"bookingid":380},{"bookingid":751},{"bookingid":81},{"bookingid":896},{"bookingid":743},{"bookingid":766},{"bookingid":583},{"bookingid":721},{"bookingid":768},{"bookingid":781},{"bookingid":16},{"bookingid":701},{"bookingid":218},{"bookingid":141},{"bookingid":432},{"bookingid":862},{"bookingid":515},{"bookingid":242},{"bookingid":839},{"bookingid":116},{"bookingid":48},{"bookingid":689},{"bookingid":184},{"bookingid":727},{"bookingid":948},{"bookingid":497},{"bookingid":489},{"bookingid":947},{"bookingid":322},{"bookingid":34},{"bookingid":688},{"bookingid":118},{"bookingid":96},{"bookingid":794},{"bookingid":370},{"bookingid":754},{"bookingid":942},{"bookingid":276},{"bookingid":37},{"bookingid":8},{"bookingid":359},{"bookingid":562},{"bookingid":25},{"bookingid":277},{"bookingid":1098},{"bookingid":348},{"bookingid":767},{"bookingid":61},{"bookingid":310},{"bookingid":156},{"bookingid":41},{"bookingid":518},{"bookingid":808},{"bookingid":117},{"bookingid":667},{"bookingid":194},{"bookingid":262},{"bookingid":95},{"bookingid":1087},{"bookingid":216},{"bookingid":199},{"bookingid":590},{"bookingid":565},{"bookingid":271},{"bookingid":2},{"bookingid":643},{"bookingid":268},{"bookingid":991},{"bookingid":125},{"bookingid":980},{"bookingid":86},{"bookingid":965},{"bookingid":520},{"bookingid":582},{"bookingid":950},{"bookingid":652},{"bookingid":869},{"bookingid":33},{"bookingid":169},{"bookingid":984},{"bookingid":708},{"bookingid":484},{"bookingid":1},{"bookingid":578},{"bookingid":369},{"bookingid":1090},{"bookingid":1062},{"bookingid":888},{"bookingid":166},{"bookingid":909},{"bookingid":239},{"bookingid":789},{"bookingid":114},{"bookingid":826},{"bookingid":1014},{"bookingid":1089},{"bookingid":392},{"bookingid":1054},{"bookingid":375},{"bookingid":433},{"bookingid":705},{"bookingid":175},{"bookingid":828},{"bookingid":413},{"bookingid":928},{"bookingid":1072},{"bookingid":120},{"bookingid":756},{"bookingid":1076},{"bookingid":334},{"bookingid":787},{"bookingid":437},{"bookingid":409},{"bookingid":586},{"bookingid":74},{"bookingid":985},{"bookingid":474},{"bookingid":78},{"bookingid":160},{"bookingid":261},{"bookingid":185},{"bookingid":526},{"bookingid":45},{"bookingid":634},{"bookingid":753},{"bookingid":442},{"bookingid":555},{"bookingid":554},{"bookingid":371},{"bookingid":483},{"bookingid":620},{"bookingid":1079},{"bookingid":844},{"bookingid":3},{"bookingid":1000},{"bookingid":477},{"bookingid":895},{"bookingid":338},{"bookingid":159},{"bookingid":317},{"bookingid":700},{"bookingid":595},{"bookingid":220},{"bookingid":670},{"bookingid":419},{"bookingid":383},{"bookingid":451},{"bookingid":1097},{"bookingid":851},{"bookingid":462},{"bookingid":910},{"bookingid":1067},{"bookingid":978},{"bookingid":723},{"bookingid":779},{"bookingid":64},{"bookingid":1027},{"bookingid":196},{"bookingid":615},{"bookingid":845},{"bookingid":98},{"bookingid":957},{"bookingid":765},{"bookingid":1026},{"bookingid":934},{"bookingid":970},{"bookingid":1088},{"bookingid":964},{"bookingid":832},{"bookingid":673},{"bookingid":154},{"bookingid":260},{"bookingid":889},{"bookingid":887},{"bookingid":894},{"bookingid":272},{"bookingid":568},{"bookingid":975},{"bookingid":539},{"bookingid":59},{"bookingid":403},{"bookingid":1025},{"bookingid":635},{"bookingid":170},{"bookingid":360},{"bookingid":238},{"bookingid":20},{"bookingid":797},{"bookingid":364},{"bookingid":344},{"bookingid":602},{"bookingid":805},{"bookingid":13},{"bookingid":611},{"bookingid":131},{"bookingid":785},{"bookingid":1018},{"bookingid":305},{"bookingid":94},{"bookingid":1007},{"bookingid":657},{"bookingid":290},{"bookingid":376},{"bookingid":811},{"bookingid":533},{"bookingid":398},{"bookingid":1069},{"bookingid":937},{"bookingid":696},{"bookingid":49},{"bookingid":330},{"bookingid":883},{"bookingid":387},{"bookingid":752},{"bookingid":626},{"bookingid":401},{"bookingid":959},{"bookingid":532},{"bookingid":490},{"bookingid":5},{"bookingid":1066},{"bookingid":208},{"bookingid":174},{"bookingid":940},{"bookingid":1052},{"bookingid":147},{"bookingid":357},{"bookingid":349},{"bookingid":823},{"bookingid":408},{"bookingid":729},{"bookingid":323},{"bookingid":996},{"bookingid":806},{"bookingid":468},{"bookingid":827},{"bookingid":682},{"bookingid":1006},{"bookingid":890},{"bookingid":735},{"bookingid":286},{"bookingid":536},{"bookingid":294},{"bookingid":264},{"bookingid":122},{"bookingid":908},{"bookingid":630},{"bookingid":316},{"bookingid":443},{"bookingid":172},{"bookingid":39},{"bookingid":195},{"bookingid":1083},{"bookingid":127},{"bookingid":397},{"bookingid":859},{"bookingid":1045},{"bookingid":717},{"bookingid":778},{"bookingid":101},{"bookingid":903},{"bookingid":17},{"bookingid":256},{"bookingid":377},{"bookingid":382},{"bookingid":963},{"bookingid":128},{"bookingid":637},{"bookingid":687},{"bookingid":257},{"bookingid":995},{"bookingid":921},{"bookingid":746},{"bookingid":572},{"bookingid":356},{"bookingid":759},{"bookingid":1015},{"bookingid":173},{"bookingid":85},{"bookingid":410},{"bookingid":327},{"bookingid":867},{"bookingid":817},{"bookingid":927},{"bookingid":267},{"bookingid":10},{"bookingid":385},{"bookingid":471},{"bookingid":631},{"bookingid":351},{"bookingid":213},{"bookingid":89},{"bookingid":1035},{"bookingid":211},{"bookingid":422},{"bookingid":584},{"bookingid":543},{"bookingid":641},{"bookingid":414},{"bookingid":436},{"bookingid":976},{"bookingid":902},{"bookingid":217},{"bookingid":847},{"bookingid":289},{"bookingid":12},{"bookingid":193},{"bookingid":651},{"bookingid":63},{"bookingid":636},{"bookingid":249},{"bookingid":243},{"bookingid":545},{"bookingid":404},{"bookingid":337},{"bookingid":205},{"bookingid":139},{"bookingid":343},{"bookingid":917},{"bookingid":250},{"bookingid":535},{"bookingid":459},{"bookingid":546},{"bookingid":15},{"bookingid":214},{"bookingid":309},{"bookingid":856},{"bookingid":954},{"bookingid":186},{"bookingid":517},{"bookingid":829},{"bookingid":191},{"bookingid":833},{"bookingid":551},{"bookingid":739},{"bookingid":58},{"bookingid":987},{"bookingid":470},{"bookingid":802},{"bookingid":4},{"bookingid":681},{"bookingid":24},{"bookingid":486},{"bookingid":880},{"bookingid":105},{"bookingid":1036},{"bookingid":281},{"bookingid":807},{"bookingid":416},{"bookingid":656},{"bookingid":571},{"bookingid":255},{"bookingid":916},{"bookingid":73},{"bookingid":680},{"bookingid":304},{"bookingid":645},{"bookingid":318},{"bookingid":557},{"bookingid":834},{"bookingid":841},{"bookingid":614},{"bookingid":80},{"bookingid":11},{"bookingid":447},{"bookingid":496},{"bookingid":608},{"bookingid":596},{"bookingid":675},{"bookingid":187},{"bookingid":107},{"bookingid":920},{"bookingid":877},{"bookingid":840},{"bookingid":622},{"bookingid":77},{"bookingid":605},{"bookingid":449},{"bookingid":446},{"bookingid":221},{"bookingid":855},{"bookingid":1019},{"bookingid":693},{"bookingid":21},{"bookingid":339},{"bookingid":321},{"bookingid":26},{"bookingid":511},{"bookingid":945},{"bookingid":868},{"bookingid":629},{"bookingid":864},{"bookingid":521},{"bookingid":227},{"bookingid":953},{"bookingid":252},{"bookingid":738},{"bookingid":246},{"bookingid":863},{"bookingid":796},{"bookingid":849},{"bookingid":345},{"bookingid":428},{"bookingid":456},{"bookingid":793},{"bookingid":407},{"bookingid":750},{"bookingid":1093},{"bookingid":986},{"bookingid":760},{"bookingid":873},{"bookingid":929},{"bookingid":475},{"bookingid":68},{"bookingid":71},{"bookingid":23},{"bookingid":821},{"bookingid":992},{"bookingid":1022},{"bookingid":848},{"bookingid":315},{"bookingid":893},{"bookingid":362},{"bookingid":589},{"bookingid":502},{"bookingid":102},{"bookingid":454},{"bookingid":420},{"bookingid":1037},{"bookingid":32},{"bookingid":374},{"bookingid":328},{"bookingid":598},{"bookingid":434},{"bookingid":838},{"bookingid":148},{"bookingid":1032},{"bookingid":745},{"bookingid":178},{"bookingid":1048},{"bookingid":790},{"bookingid":87},{"bookingid":368},{"bookingid":709},{"bookingid":941},{"bookingid":352},{"bookingid":44},{"bookingid":469},{"bookingid":142},{"bookingid":381},{"bookingid":280},{"bookingid":604},{"bookingid":1038},{"bookingid":282},{"bookingid":938},{"bookingid":979},{"bookingid":1031},{"bookingid":960},{"bookingid":27},{"bookingid":296},{"bookingid":162},{"bookingid":704},{"bookingid":782},{"bookingid":662},{"bookingid":625},{"bookingid":621},{"bookingid":904},{"bookingid":460},{"bookingid":674},{"bookingid":1040},{"bookingid":453},{"bookingid":946},{"bookingid":247},{"bookingid":232},{"bookingid":65},{"bookingid":774},{"bookingid":1058},{"bookingid":922},{"bookingid":7},{"bookingid":279},{"bookingid":473},{"bookingid":813},{"bookingid":588},{"bookingid":200},{"bookingid":144},{"bookingid":875},{"bookingid":820},{"bookingid":507},{"bookingid":302},{"bookingid":914},{"bookingid":527},{"bookingid":40},{"bookingid":972},{"bookingid":1073},{"bookingid":425},{"bookingid":712},{"bookingid":123},{"bookingid":223},{"bookingid":1043},{"bookingid":164},{"bookingid":780},{"bookingid":559},{"bookingid":363},{"bookingid":1061},{"bookingid":669},{"bookingid":132},{"bookingid":522},{"bookingid":311},{"bookingid":353},{"bookingid":958},{"bookingid":1084},{"bookingid":388},{"bookingid":201},{"bookingid":1008},{"bookingid":1081},{"bookingid":14},{"bookingid":9},{"bookingid":882},{"bookingid":395},{"bookingid":993},{"bookingid":263},{"bookingid":180},{"bookingid":346},{"bookingid":1049},{"bookingid":465},{"bookingid":67},{"bookingid":525},{"bookingid":30},{"bookingid":799},{"bookingid":104},{"bookingid":576},{"bookingi... (set the log level to DEBUG or TRACE to see the full content) 
 </msg>
<msg time="2024-10-11T12:03:25.615813" level="INFO">C:\Users\sanna\AppData\Local\Programs\Python\Python312\Lib\site-packages\urllib3\connectionpool.py:1099: InsecureRequestWarning: Unverified HTTPS request is being made to host 'restful-booker.herokuapp.com'. Adding certificate verification is strongly advised. See: https://urllib3.readthedocs.io/en/latest/advanced-usage.html#tls-warnings
  warnings.warn(</msg>
<msg time="2024-10-11T12:03:25.615813" level="INFO">${response} = &lt;Response [200]&gt;</msg>
<var>${response}</var>
<arg>get_bookings</arg>
<arg>/booking</arg>
<doc>Sends a GET request on a previously created HTTP Session.</doc>
<status status="PASS" start="2024-10-11T12:03:25.054143" elapsed="0.561670"/>
</kw>
<kw name="Log To Console" owner="BuiltIn">
<arg>STATUS CODE: ${response.status_code}</arg>
<doc>Logs the given message to the console.</doc>
<status status="PASS" start="2024-10-11T12:03:25.616853" elapsed="0.001048"/>
</kw>
<kw name="Log To Console" owner="BuiltIn">
<arg>CONTENT: ${response.content}</arg>
<doc>Logs the given message to the console.</doc>
<status status="PASS" start="2024-10-11T12:03:25.619070" elapsed="0.000998"/>
</kw>
<kw name="Convert To String" owner="BuiltIn">
<msg time="2024-10-11T12:03:25.621070" level="INFO">${status_code} = 200</msg>
<var>${status_code}</var>
<arg>${response.status_code}</arg>
<doc>Converts the given item to a Unicode string.</doc>
<status status="PASS" start="2024-10-11T12:03:25.620068" elapsed="0.001002"/>
</kw>
<kw name="Should Be Equal" owner="BuiltIn">
<arg>${status_code}</arg>
<arg>200</arg>
<doc>Fails if the given objects are unequal.</doc>
<status status="PASS" start="2024-10-11T12:03:25.621124" elapsed="0.000000"/>
</kw>
<doc>Use GET request to check all Booking id's at restful-booker</doc>
<status status="PASS" start="2024-10-11T12:03:25.053074" elapsed="0.568050"/>
</test>
<test id="s1-t2" name="TC_GET_req_with_ID" line="26">
<kw name="Create Session" owner="RequestsLibrary">
<msg time="2024-10-11T12:03:25.621124" level="INFO">Creating Session using : alias=get_bookings, url=https://restful-booker.herokuapp.com/, headers={},                     cookies={}, auth=None, timeout=None, proxies=None, verify=False,                     debug=0 </msg>
<arg>get_bookings</arg>
<arg>${base_url}</arg>
<doc>Create Session: create a HTTP session to a server</doc>
<status status="PASS" start="2024-10-11T12:03:25.621124" elapsed="0.000000"/>
</kw>
<kw name="GET On Session" owner="RequestsLibrary">
<msg time="2024-10-11T12:03:26.174347" level="INFO">GET Request : url=https://restful-booker.herokuapp.com/booking/24 
 path_url=/booking/24 
 headers={'User-Agent': 'python-requests/2.31.0', 'Accept-Encoding': 'gzip, deflate', 'Accept': '*/*', 'Connection': 'keep-alive'} 
 body=None 
 </msg>
<msg time="2024-10-11T12:03:26.174347" level="INFO">GET Response : url=https://restful-booker.herokuapp.com/booking/24 
 status=200, reason=OK 
 headers={'Server': 'Cowboy', 'Report-To': '{"group":"heroku-nel","max_age":3600,"endpoints":[{"url":"https://nel.heroku.com/reports?ts=1728637407&amp;sid=c46efe9b-d3d2-4a0c-8c76-bfafa16c5add&amp;s=SlTRcL%2FOw9bkcUXzdPZFGvyQhhj5rGVe%2BvTYiaJc73Q%3D"}]}', 'Reporting-Endpoints': 'heroku-nel=https://nel.heroku.com/reports?ts=1728637407&amp;sid=c46efe9b-d3d2-4a0c-8c76-bfafa16c5add&amp;s=SlTRcL%2FOw9bkcUXzdPZFGvyQhhj5rGVe%2BvTYiaJc73Q%3D', 'Nel': '{"report_to":"heroku-nel","max_age":3600,"success_fraction":0.005,"failure_fraction":0.05,"response_headers":["Via"]}', 'Connection': 'keep-alive', 'X-Powered-By': 'Express', 'Content-Type': 'application/json; charset=utf-8', 'Content-Length': '178', 'Etag': 'W/"b2-z+MrJlqQWwS2fI0YIOhvDYnqEIM"', 'Date': 'Fri, 11 Oct 2024 09:03:27 GMT', 'Via': '1.1 vegur'} 
 body={"firstname":"Jane","lastname":"Doe","totalprice":111,"depositpaid":true,"bookingdates":{"checkin":"2018-01-01","checkout":"2019-01-01"},"additionalneeds":"Extra pillows please"} 
 </msg>
<msg time="2024-10-11T12:03:26.174347" level="INFO">C:\Users\sanna\AppData\Local\Programs\Python\Python312\Lib\site-packages\urllib3\connectionpool.py:1099: InsecureRequestWarning: Unverified HTTPS request is being made to host 'restful-booker.herokuapp.com'. Adding certificate verification is strongly advised. See: https://urllib3.readthedocs.io/en/latest/advanced-usage.html#tls-warnings
  warnings.warn(</msg>
<msg time="2024-10-11T12:03:26.175350" level="INFO">${response} = &lt;Response [200]&gt;</msg>
<var>${response}</var>
<arg>get_bookings</arg>
<arg>/booking/${id}</arg>
<doc>Sends a GET request on a previously created HTTP Session.</doc>
<status status="PASS" start="2024-10-11T12:03:25.622124" elapsed="0.553226"/>
</kw>
<kw name="Log To Console" owner="BuiltIn">
<arg>STATUS CODE: ${response.status_code}</arg>
<doc>Logs the given message to the console.</doc>
<status status="PASS" start="2024-10-11T12:03:26.176352" elapsed="0.000999"/>
</kw>
<kw name="Log To Console" owner="BuiltIn">
<arg>CONTENT: ${response.content}</arg>
<doc>Logs the given message to the console.</doc>
<status status="PASS" start="2024-10-11T12:03:26.178344" elapsed="0.000000"/>
</kw>
<kw name="Convert To String" owner="BuiltIn">
<msg time="2024-10-11T12:03:26.179337" level="INFO">${status_code} = 200</msg>
<var>${status_code}</var>
<arg>${response.status_code}</arg>
<doc>Converts the given item to a Unicode string.</doc>
<status status="PASS" start="2024-10-11T12:03:26.178344" elapsed="0.000993"/>
</kw>
<kw name="Should Be Equal" owner="BuiltIn">
<arg>${status_code}</arg>
<arg>200</arg>
<doc>Fails if the given objects are unequal.</doc>
<status status="PASS" start="2024-10-11T12:03:26.179337" elapsed="0.000000"/>
</kw>
<doc>Use GET request to check a certain booking with id at restful-booker</doc>
<status status="PASS" start="2024-10-11T12:03:25.621124" elapsed="0.558213"/>
</test>
<test id="s1-t3" name="TC_POST_authenticate" line="40">
<kw name="Create Session" owner="RequestsLibrary">
<msg time="2024-10-11T12:03:26.180339" level="INFO">Creating Session using : alias=token, url=https://restful-booker.herokuapp.com/, headers={},                     cookies={}, auth=None, timeout=None, proxies=None, verify=False,                     debug=0 </msg>
<arg>token</arg>
<arg>${base_url}</arg>
<doc>Create Session: create a HTTP session to a server</doc>
<status status="PASS" start="2024-10-11T12:03:26.180339" elapsed="0.000000"/>
</kw>
<kw name="Create Dictionary" owner="BuiltIn">
<msg time="2024-10-11T12:03:26.180339" level="INFO">${header} = {'Content-Type': 'application/json'}</msg>
<var>${header}</var>
<arg>Content-Type=application/json</arg>
<doc>Creates and returns a dictionary based on the given ``items``.</doc>
<status status="PASS" start="2024-10-11T12:03:26.180339" elapsed="0.000000"/>
</kw>
<kw name="POST On Session" owner="RequestsLibrary">
<msg time="2024-10-11T12:03:26.765967" level="INFO">POST Request : url=https://restful-booker.herokuapp.com/auth 
 path_url=/auth 
 headers={'User-Agent': 'python-requests/2.31.0', 'Accept-Encoding': 'gzip, deflate', 'Accept': '*/*', 'Connection': 'keep-alive', 'Content-Type': 'application/json', 'Content-Length': '48'} 
 body=b'{"username": "admin", "password": "password123"}' 
 </msg>
<msg time="2024-10-11T12:03:26.765967" level="INFO">POST Response : url=https://restful-booker.herokuapp.com/auth 
 status=200, reason=OK 
 headers={'Server': 'Cowboy', 'Report-To': '{"group":"heroku-nel","max_age":3600,"endpoints":[{"url":"https://nel.heroku.com/reports?ts=1728637407&amp;sid=c46efe9b-d3d2-4a0c-8c76-bfafa16c5add&amp;s=SlTRcL%2FOw9bkcUXzdPZFGvyQhhj5rGVe%2BvTYiaJc73Q%3D"}]}', 'Reporting-Endpoints': 'heroku-nel=https://nel.heroku.com/reports?ts=1728637407&amp;sid=c46efe9b-d3d2-4a0c-8c76-bfafa16c5add&amp;s=SlTRcL%2FOw9bkcUXzdPZFGvyQhhj5rGVe%2BvTYiaJc73Q%3D', 'Nel': '{"report_to":"heroku-nel","max_age":3600,"success_fraction":0.005,"failure_fraction":0.05,"response_headers":["Via"]}', 'Connection': 'keep-alive', 'X-Powered-By': 'Express', 'Content-Type': 'application/json; charset=utf-8', 'Content-Length': '27', 'Etag': 'W/"1b-6WvYnMt4jC/wOyo93NiXTxg6BYs"', 'Date': 'Fri, 11 Oct 2024 09:03:27 GMT', 'Via': '1.1 vegur'} 
 body={"token":"399b077da32cd31"} 
 </msg>
<msg time="2024-10-11T12:03:26.766977" level="INFO">C:\Users\sanna\AppData\Local\Programs\Python\Python312\Lib\site-packages\urllib3\connectionpool.py:1099: InsecureRequestWarning: Unverified HTTPS request is being made to host 'restful-booker.herokuapp.com'. Adding certificate verification is strongly advised. See: https://urllib3.readthedocs.io/en/latest/advanced-usage.html#tls-warnings
  warnings.warn(</msg>
<msg time="2024-10-11T12:03:26.767053" level="INFO">${response} = &lt;Response [200]&gt;</msg>
<var>${response}</var>
<arg>token</arg>
<arg>/auth</arg>
<arg>json=&amp;{JSON_data_authenticate}</arg>
<arg>headers=${header}</arg>
<doc>Sends a POST request on a previously created HTTP Session.</doc>
<status status="PASS" start="2024-10-11T12:03:26.180339" elapsed="0.586714"/>
</kw>
<kw name="Log To Console" owner="BuiltIn">
<arg>STATUS CODE: ${response.status_code}</arg>
<doc>Logs the given message to the console.</doc>
<status status="PASS" start="2024-10-11T12:03:26.768157" elapsed="0.001099"/>
</kw>
<kw name="Convert To String" owner="BuiltIn">
<msg time="2024-10-11T12:03:26.769256" level="INFO">${status_code} = 200</msg>
<var>${status_code}</var>
<arg>${response.status_code}</arg>
<doc>Converts the given item to a Unicode string.</doc>
<status status="PASS" start="2024-10-11T12:03:26.769256" elapsed="0.001008"/>
</kw>
<kw name="Should Be Equal" owner="BuiltIn">
<arg>${status_code}</arg>
<arg>200</arg>
<doc>Fails if the given objects are unequal.</doc>
<status status="PASS" start="2024-10-11T12:03:26.770264" elapsed="0.000000"/>
</kw>
<kw name="Convert To String" owner="BuiltIn">
<msg time="2024-10-11T12:03:26.770264" level="INFO">${my_token} = 399b077da32cd31</msg>
<var>${my_token}</var>
<arg>${response.json()['token']}</arg>
<doc>Converts the given item to a Unicode string.</doc>
<status status="PASS" start="2024-10-11T12:03:26.770264" elapsed="0.001045"/>
</kw>
<kw name="Should Not Be Empty" owner="BuiltIn">
<msg time="2024-10-11T12:03:26.771309" level="INFO">Length is 15.</msg>
<arg>${my_token}</arg>
<doc>Verifies that the given item is not empty.</doc>
<status status="PASS" start="2024-10-11T12:03:26.771309" elapsed="0.000000"/>
</kw>
<kw name="Log To Console" owner="BuiltIn">
<arg>TOKEN: ${my_token}</arg>
<doc>Logs the given message to the console.</doc>
<status status="PASS" start="2024-10-11T12:03:26.771309" elapsed="0.000000"/>
</kw>
<doc>Use PUT request to get authentication token from restful-booker</doc>
<status status="PASS" start="2024-10-11T12:03:26.180339" elapsed="0.590970"/>
</test>
<doc>These tests are based on the functionality of restful-booking API</doc>
<status status="PASS" start="2024-10-11T12:03:24.973702" elapsed="1.798754"/>
</suite>
<statistics>
<total>
<stat pass="3" fail="0" skip="0">All Tests</stat>
</total>
<tag>
</tag>
<suite>
<stat pass="3" fail="0" skip="0" id="s1" name="BasicTests">BasicTests</stat>
</suite>
</statistics>
<errors>
</errors>
</robot>
